<?xml version="1.0" encoding="UTF-8"?>
<testsuite name="FindFactorialTest" tests="4" skipped="0" failures="0" errors="0" timestamp="2022-01-09T17:49:41" hostname="Dharas-MacBook-Pro.local" time="0.021">
  <properties/>
  <testcase name="shouldReturnFactorialOfLargeNumber()" classname="FindFactorialTest" time="0.018"/>
  <testcase name="shouldReturnOneForNumberZero()" classname="FindFactorialTest" time="0.001"/>
  <testcase name="shouldReturnFactorialOfSmallNumber()" classname="FindFactorialTest" time="0.001"/>
  <testcase name="shouldNotAllowNegativeNumber()" classname="FindFactorialTest" time="0.001"/>
  <system-out><![CDATA[]]></system-out>
  <system-err><![CDATA[]]></system-err>
</testsuite>
